<?xml version="1.0" encoding="UTF-8"?>
<!-- Generated by org.testng.reporters.JUnitXMLReporter -->
<testsuite ignored="0" hostname="K463LTRV" failures="0" tests="5" name="Default test" time="62.067" errors="0" timestamp="2024-06-19T12:15:00 IST">
  <testcase classname="ust.AppiumAssessment.tests.MainTests" name="bedTimeOptionClickTest" time="2.832"/>
  <testcase classname="ust.AppiumAssessment.tests.MainTests" name="getStartedOptionClickTest" time="3.243"/>
  <testcase classname="ust.AppiumAssessment.tests.MainTests" name="addNewBedTimeTest" time="4.426"/>
  <testcase classname="ust.AppiumAssessment.tests.MainTests" name="savingNewTimeTest" time="3.099"/>
  <testcase classname="ust.AppiumAssessment.tests.MainTests" name="checkSavedBedTime" time="2.832"/>
</testsuite> <!-- Default test -->
